2021-06-04 05:52:41,596: name-/app/app.pyc: func-log_response[435]: INFO:  rt.dave.ai (__NULL__:__NULL__): GET https://rt.dave.ai/download/MTYyMj.jpg html: 200 in 0.0 sec
2021-06-04 05:56:41,200: name-/app/app.pyc: func-log_response[435]: INFO:  rt.dave.ai (__NULL__:__NULL__): GET https://rt.dave.ai/download/c4NTgz.jpg html: 200 in 0.0 sec
2021-06-04 06:55:41,500: name-/app/app.pyc: func-log_response[435]: INFO:  rt.dave.ai (__NULL__:__NULL__): GET https://rt.dave.ai/download/MC44M2.jpg html: 200 in 0.0 sec
2021-06-05 07:57:41,500: name-/app/app.pyc: func-log_response[435]: INFO:  rt.dave.ai (__NULL__:__NULL__): GET https://rt.dave.ai/download/MC44M2.jpg html: 200 in 0.0 sec
2021-06-06 08:46:41,500: name-/app/app.pyc: func-log_response[435]: INFO:  rt.dave.ai (__NULL__:__NULL__): GET https://rt.dave.ai/download/MC44M2.jpg html: 200 in 0.0 sec
2021-06-07 09:22:41,500: name-/app/app.pyc: func-log_response[435]: INFO:  rt.dave.ai (__NULL__:__NULL__): GET https://rt.dave.ai/download/JweXcx.jpg html: 200 in 0.0 sec
2021-06-07 16:10:41,500: name-/app/app.pyc: func-log_response[435]: INFO:  rt.dave.ai (__NULL__:__NULL__): GET https://rt.dave.ai/download/JweXcx.jpg html: 200 in 0.0 sec
2021-06-08 18:36:41,500: name-/app/app.pyc: func-log_response[435]: INFO:  rt.dave.ai (__NULL__:__NULL__): GET https://rt.dave.ai/download/JweXcx.jpg html: 200 in 0.0 sec
2021-06-08 02:33:41,500: name-/app/app.pyc: func-log_response[435]: INFO:  rt.dave.ai (__NULL__:__NULL__): GET https://rt.dave.ai/download/a3l4em.jpg html: 200 in 0.0 sec
2021-06-09 05:04:41,500: name-/app/app.pyc: func-log_response[435]: INFO:  rt.dave.ai (__NULL__:__NULL__): GET https://rt.dave.ai/download/a3l4em.jpg html: 200 in 0.0 sec
2021-06-10 06:56:41,500: name-/app/app.pyc: func-log_response[435]: INFO:  rt.dave.ai (__NULL__:__NULL__): GET https://rt.dave.ai/download/a3l4em.jpg html: 200 in 0.0 sec
2021-06-12 08:06:41,500: name-/app/app.pyc: func-log_response[435]: INFO:  rt.dave.ai (__NULL__:__NULL__): GET https://rt.dave.ai/download/a3l4em.jpg html: 200 in 0.0 sec
2021-06-13 10:16:41,500: name-/app/app.pyc: func-log_response[435]: INFO:  rt.dave.ai (__NULL__:__NULL__): GET https://rt.dave.ai/download/xsbWZw.jpg html: 200 in 0.0 sec
2021-06-14 12:54:41,500: name-/app/app.pyc: func-log_response[435]: INFO:  rt.dave.ai (__NULL__:__NULL__): GET https://rt.dave.ai/download/xsbWZw.jpg html: 200 in 0.0 sec
2021-06-15 17:43:41,500: name-/app/app.pyc: func-log_response[435]: INFO:  rt.dave.ai (__NULL__:__NULL__): GET https://rt.dave.ai/download/xsbWZw.jpg html: 200 in 0.0 sec
2021-06-16 06:56:41,500: name-/app/app.pyc: func-log_response[435]: INFO:  rt.dave.ai (__NULL__:__NULL__): GET https://rt.dave.ai/download/10eXlt.jpg html: 200 in 0.0 sec
2021-06-20 06:56:41,500: name-/app/app.pyc: func-log_response[435]: INFO:  rt.dave.ai (__NULL__:__NULL__): GET https://rt.dave.ai/download/10eXlt.jpg html: 200 in 0.0 sec
2021-06-22 06:56:41,500: name-/app/app.pyc: func-log_response[435]: INFO:  rt.dave.ai (__NULL__:__NULL__): GET https://rt.dave.ai/download/10eXlt.jpg html: 200 in 0.0 sec
2021-06-23 06:56:41,500: name-/app/app.pyc: func-log_response[435]: INFO:  rt.dave.ai (__NULL__:__NULL__): GET https://rt.dave.ai/download/10eXlt.jpg html: 200 in 0.0 sec
2021-06-24 06:56:41,500: name-/app/app.pyc: func-log_response[435]: INFO:  rt.dave.ai (__NULL__:__NULL__): GET https://rt.dave.ai/download/10eXlt.jpg html: 200 in 0.0 sec
